<?xml version="1.0" encoding="UTF-8"?>
<!-- Generated by org.testng.reporters.JUnitReportReporter -->
<testsuite hostname="PRO-5CD8467598" failures="0" tests="1" name="testCases.TC_009_hari" time="15.775" errors="0" timestamp="2025-02-04T15:26:52 IST" skipped="0">
  <testcase classname="testCases.TC_009_hari" name="login" time="15.775"/>
</testsuite> <!-- testCases.TC_009_hari -->
