<?xml version="1.0" encoding="UTF-8"?>
<!-- Generated by org.testng.reporters.JUnitReportReporter -->
<testsuite hostname="PRO-5CD8467598" failures="0" tests="1" name="testCases.TC_001_AccountRegistrationTest" time="2.970" errors="0" timestamp="2025-02-04T13:27:35 IST" skipped="0">
  <testcase classname="testCases.TC_001_AccountRegistrationTest" name="verify_account_registration" time="2.970"/>
</testsuite> <!-- testCases.TC_001_AccountRegistrationTest -->
